<?xml version="1.0" encoding="UTF-8"?>
<testng-results skipped="0" failed="0" ignored="0" total="2" passed="2">
  <reporter-output>
  </reporter-output>
  <suite name="test1" duration-ms="49" started-at="2021-05-08T10:25:40 CEST" finished-at="2021-05-08T10:25:40 CEST">
    <groups>
    </groups>
    <test name="Calculator" duration-ms="49" started-at="2021-05-08T10:25:40 CEST" finished-at="2021-05-08T10:25:40 CEST">
      <class name="CalculatorTest">
        <test-method status="PASS" signature="testAdd()[pri:0, instance:CalculatorTest@464bee09]" name="testAdd" duration-ms="5" started-at="2021-05-08T10:25:40 CEST" finished-at="2021-05-08T10:25:40 CEST">
          <reporter-output>
          </reporter-output>
        </test-method> <!-- testAdd -->
        <test-method status="PASS" signature="testMultiply()[pri:0, instance:CalculatorTest@464bee09]" name="testMultiply" duration-ms="1" started-at="2021-05-08T10:25:40 CEST" finished-at="2021-05-08T10:25:40 CEST">
          <reporter-output>
          </reporter-output>
        </test-method> <!-- testMultiply -->
      </class> <!-- CalculatorTest -->
    </test> <!-- Calculator -->
  </suite> <!-- test1 -->
</testng-results>
